#
# There is insufficient memory for the Java Runtime Environment to continue.
# Native memory allocation (malloc) failed to allocate 1983888 bytes. Error detail: Chunk::new
# Possible reasons:
#   The system is out of physical RAM or swap space
#   This process is running with CompressedOops enabled, and the Java Heap may be blocking the growth of the native heap
# Possible solutions:
#   Reduce memory load on the system
#   Increase physical memory or swap space
#   Check if swap backing store is full
#   Decrease Java heap size (-Xmx/-Xms)
#   Decrease number of Java threads
#   Decrease Java thread stack sizes (-Xss)
#   Set larger code cache with -XX:ReservedCodeCacheSize=
#   JVM is running with Unscaled Compressed Oops mode in which the Java heap is
#     placed in the first 4GB address space. The Java Heap base address is the
#     maximum limit for the native heap growth. Please use -XX:HeapBaseMinAddress
#     to set the Java Heap base and to place the Java Heap above 4GB virtual address.
# This output file may be truncated or incomplete.
#
#  Out of Memory Error (arena.cpp:168), pid=60552, tid=33784
#
# JRE version: OpenJDK Runtime Environment Temurin-21.0.9+10 (21.0.9+10) (build 21.0.9+10-LTS)
# Java VM: OpenJDK 64-Bit Server VM Temurin-21.0.9+10 (21.0.9+10-LTS, mixed mode, sharing, tiered, compressed oops, compressed class ptrs, g1 gc, windows-amd64)
# No core dump will be written. Minidumps are not enabled by default on client versions of Windows
#

---------------  S U M M A R Y ------------

Command Line: --enable-native-access=ALL-UNNAMED -Dclassworlds.conf=C:\Program Files\Apache\maven\apache-maven-3.9.11\bin\m2.conf -Dmaven.home=C:\Program Files\Apache\maven\apache-maven-3.9.11 -Dlibrary.jansi.path=C:\Program Files\Apache\maven\apache-maven-3.9.11\lib\jansi-native -Dmaven.multiModuleProjectDirectory=C:\Users\JoseArmando\Documents\BookinnGo_YES\BookinnGo org.codehaus.plexus.classworlds.launcher.Launcher -q -DskipTests package

Host: AMD Ryzen 5 5600H with Radeon Graphics         , 12 cores, 7G,  Windows 11 , 64 bit Build 26100 (10.0.26100.7019)
Time: Mon Nov 24 12:41:59 2025 Hora est. Pacífico, Sudamérica elapsed time: 7.637193 seconds (0d 0h 0m 7s)

---------------  T H R E A D  ---------------

Current thread (0x000001a113c7e540):  JavaThread "C2 CompilerThread1" daemon [_thread_in_native, id=33784, stack(0x00000073e2000000,0x00000073e2100000) (1024K)]


Current CompileTask:
C2:7637 7526       4       com.sun.tools.javac.comp.Resolve::rawInstantiate (508 bytes)

Stack: [0x00000073e2000000,0x00000073e2100000]
Native frames: (J=compiled Java code, j=interpreted, Vv=VM code, C=native code)
V  [jvm.dll+0x6d6e29]
V  [jvm.dll+0x8b4b76]
V  [jvm.dll+0x8b712e]
V  [jvm.dll+0x8b7813]
V  [jvm.dll+0x283d86]
V  [jvm.dll+0xc66ed]
V  [jvm.dll+0xc6c31]
V  [jvm.dll+0x3be53b]
V  [jvm.dll+0x38ab92]
V  [jvm.dll+0x389fda]
V  [jvm.dll+0x24bfa0]
V  [jvm.dll+0x24b580]
V  [jvm.dll+0x1cb13e]
V  [jvm.dll+0x25b29d]
V  [jvm.dll+0x25982a]
V  [jvm.dll+0x3f7ea6]
V  [jvm.dll+0x85e9ad]
V  [jvm.dll+0x6d565d]
C  [ucrtbase.dll+0x37b0]
C  [KERNEL32.DLL+0x2e8d7]
C  [ntdll.dll+0x8c53c]


---------------  P R O C E S S  ---------------

Threads class SMR info:
_java_thread_list=0x000001a115889460, length=13, elements={
0x000001a0ae5ca120, 0x000001a0cd7a9820, 0x000001a0cd7aa270, 0x000001a0cd7ae740,
0x000001a0cd7af520, 0x000001a0cd7b0d60, 0x000001a0cd7bc4b0, 0x000001a0cd8003c0,
0x000001a0cd7cafa0, 0x000001a0cd929860, 0x000001a0cd9354b0, 0x000001a113c7e540,
0x000001a1153e8f20
}

Java Threads: ( => current thread )
  0x000001a0ae5ca120 JavaThread "main"                              [_thread_in_native, id=33472, stack(0x00000073e0300000,0x00000073e0400000) (1024K)]
  0x000001a0cd7a9820 JavaThread "Reference Handler"          daemon [_thread_blocked, id=62848, stack(0x00000073e0b00000,0x00000073e0c00000) (1024K)]
  0x000001a0cd7aa270 JavaThread "Finalizer"                  daemon [_thread_blocked, id=65380, stack(0x00000073e0c00000,0x00000073e0d00000) (1024K)]
  0x000001a0cd7ae740 JavaThread "Signal Dispatcher"          daemon [_thread_blocked, id=63940, stack(0x00000073e0d00000,0x00000073e0e00000) (1024K)]
  0x000001a0cd7af520 JavaThread "Attach Listener"            daemon [_thread_blocked, id=49612, stack(0x00000073e0e00000,0x00000073e0f00000) (1024K)]
  0x000001a0cd7b0d60 JavaThread "Service Thread"             daemon [_thread_blocked, id=57832, stack(0x00000073e0f00000,0x00000073e1000000) (1024K)]
  0x000001a0cd7bc4b0 JavaThread "Monitor Deflation Thread"   daemon [_thread_blocked, id=62516, stack(0x00000073e1000000,0x00000073e1100000) (1024K)]
  0x000001a0cd8003c0 JavaThread "C2 CompilerThread0"         daemon [_thread_in_native, id=65108, stack(0x00000073e1100000,0x00000073e1200000) (1024K)]
  0x000001a0cd7cafa0 JavaThread "C1 CompilerThread0"         daemon [_thread_blocked, id=64320, stack(0x00000073e1200000,0x00000073e1300000) (1024K)]
  0x000001a0cd929860 JavaThread "Notification Thread"        daemon [_thread_blocked, id=44884, stack(0x00000073e1300000,0x00000073e1400000) (1024K)]
  0x000001a0cd9354b0 JavaThread "Common-Cleaner"             daemon [_thread_blocked, id=61092, stack(0x00000073e1400000,0x00000073e1500000) (1024K)]
=>0x000001a113c7e540 JavaThread "C2 CompilerThread1"         daemon [_thread_in_native, id=33784, stack(0x00000073e2000000,0x00000073e2100000) (1024K)]
  0x000001a1153e8f20 JavaThread "C2 CompilerThread2"         daemon [_thread_in_native, id=55600, stack(0x00000073e2100000,0x00000073e2200000) (1024K)]
Total: 13

Other Threads:
  0x000001a0cd78ad60 VMThread "VM Thread"                           [id=58404, stack(0x00000073e0a00000,0x00000073e0b00000) (1024K)]
  0x000001a0cd77b080 WatcherThread "VM Periodic Task Thread"        [id=5580, stack(0x00000073e0900000,0x00000073e0a00000) (1024K)]
  0x000001a0b0a515d0 WorkerThread "GC Thread#0"                     [id=56476, stack(0x00000073e0400000,0x00000073e0500000) (1024K)]
  0x000001a1137f94f0 WorkerThread "GC Thread#1"                     [id=62148, stack(0x00000073e1600000,0x00000073e1700000) (1024K)]
  0x000001a1137f9890 WorkerThread "GC Thread#2"                     [id=64680, stack(0x00000073e1700000,0x00000073e1800000) (1024K)]
  0x000001a1137f9fd0 WorkerThread "GC Thread#3"                     [id=38404, stack(0x00000073e1800000,0x00000073e1900000) (1024K)]
  0x000001a1137faab0 WorkerThread "GC Thread#4"                     [id=55996, stack(0x00000073e1900000,0x00000073e1a00000) (1024K)]
  0x000001a1137fae50 WorkerThread "GC Thread#5"                     [id=65444, stack(0x00000073e1a00000,0x00000073e1b00000) (1024K)]
  0x000001a1137f9c30 WorkerThread "GC Thread#6"                     [id=61684, stack(0x00000073e1b00000,0x00000073e1c00000) (1024K)]
  0x000001a1137fa370 WorkerThread "GC Thread#7"                     [id=50080, stack(0x00000073e1c00000,0x00000073e1d00000) (1024K)]
  0x000001a113ccc800 WorkerThread "GC Thread#8"                     [id=61004, stack(0x00000073e1d00000,0x00000073e1e00000) (1024K)]
  0x000001a113ccc460 WorkerThread "GC Thread#9"                     [id=64140, stack(0x00000073e1e00000,0x00000073e1f00000) (1024K)]
  0x000001a0b0a630d0 ConcurrentGCThread "G1 Main Marker"            [id=60196, stack(0x00000073e0500000,0x00000073e0600000) (1024K)]
  0x000001a0b0a66910 WorkerThread "G1 Conc#0"                       [id=54752, stack(0x00000073e0600000,0x00000073e0700000) (1024K)]
  0x000001a113ccbd20 WorkerThread "G1 Conc#1"                       [id=63524, stack(0x00000073e1500000,0x00000073e1600000) (1024K)]
  0x000001a113cccba0 WorkerThread "G1 Conc#2"                       [id=57104, stack(0x00000073e1f00000,0x00000073e2000000) (1024K)]
  0x000001a0cd64d2e0 ConcurrentGCThread "G1 Refine#0"               [id=63360, stack(0x00000073e0700000,0x00000073e0800000) (1024K)]
  0x000001a0cd64dbf0 ConcurrentGCThread "G1 Service"                [id=64696, stack(0x00000073e0800000,0x00000073e0900000) (1024K)]
Total: 18

Threads with active compile tasks:
C2 CompilerThread0  7813 7531       4       com.sun.tools.javac.comp.Resolve::notOverriddenIn (124 bytes)
C2 CompilerThread1  7813 7526       4       com.sun.tools.javac.comp.Resolve::rawInstantiate (508 bytes)
C2 CompilerThread2  7813 7602       4       com.sun.tools.javac.comp.Resolve$AbstractMethodCheck::argumentsAcceptable (288 bytes)
Total: 3

VM state: not at safepoint (normal execution)

VM Mutex/Monitor currently owned by a thread: None

Heap address: 0x000000008a800000, size: 1880 MB, Compressed Oops mode: 32-bit

CDS archive(s) mapped at: [0x000001a0ce000000-0x000001a0cec80000-0x000001a0cec80000), size 13107200, SharedBaseAddress: 0x000001a0ce000000, ArchiveRelocationMode: 1.
Compressed class space mapped at: 0x000001a0cf000000-0x000001a10f000000, reserved size: 1073741824
Narrow klass base: 0x000001a0ce000000, Narrow klass shift: 0, Narrow klass range: 0x100000000

GC Precious Log:
 CardTable entry size: 512
 Card Set container configuration: InlinePtr #cards 5 size 8 Array Of Cards #cards 12 size 40 Howl #buckets 4 coarsen threshold 1843 Howl Bitmap #cards 512 size 80 coarsen threshold 460 Card regions per heap region 1 cards per card region 2048
 CPUs: 12 total, 12 available
 Memory: 7518M
 Large Page Support: Disabled
 NUMA Support: Disabled
 Compressed Oops: Enabled (32-bit)
 Heap Region Size: 1M
 Heap Min Capacity: 8M
 Heap Initial Capacity: 118M
 Heap Max Capacity: 1880M
 Pre-touch: Disabled
 Parallel Workers: 10
 Concurrent Workers: 3
 Concurrent Refinement Workers: 10
 Periodic GC: Disabled

Heap:
 garbage-first heap   total 67584K, used 53653K [0x000000008a800000, 0x0000000100000000)
  region size 1024K, 26 young (26624K), 3 survivors (3072K)
 Metaspace       used 29584K, committed 29888K, reserved 1114112K
  class space    used 3359K, committed 3520K, reserved 1048576K

Heap Regions: E=young(eden), S=young(survivor), O=old, HS=humongous(starts), HC=humongous(continues), CS=collection set, F=free, TAMS=top-at-mark-start, PB=parsable bottom
|   0|0x000000008a800000, 0x000000008a900000, 0x000000008a900000|100%| O|  |TAMS 0x000000008a800000| PB 0x000000008a800000| Untracked 
|   1|0x000000008a900000, 0x000000008aa00000, 0x000000008aa00000|100%| O|  |TAMS 0x000000008a900000| PB 0x000000008a900000| Untracked 
|   2|0x000000008aa00000, 0x000000008ab00000, 0x000000008ab00000|100%| O|  |TAMS 0x000000008aa00000| PB 0x000000008aa00000| Untracked 
|   3|0x000000008ab00000, 0x000000008ac00000, 0x000000008ac00000|100%| O|  |TAMS 0x000000008ab00000| PB 0x000000008ab00000| Untracked 
|   4|0x000000008ac00000, 0x000000008ad00000, 0x000000008ad00000|100%| O|  |TAMS 0x000000008ac00000| PB 0x000000008ac00000| Untracked 
|   5|0x000000008ad00000, 0x000000008ae00000, 0x000000008ae00000|100%| O|  |TAMS 0x000000008ad00000| PB 0x000000008ad00000| Untracked 
|   6|0x000000008ae00000, 0x000000008af00000, 0x000000008af00000|100%| O|  |TAMS 0x000000008ae00000| PB 0x000000008ae00000| Untracked 
|   7|0x000000008af00000, 0x000000008b000000, 0x000000008b000000|100%| O|  |TAMS 0x000000008af00000| PB 0x000000008af00000| Untracked 
|   8|0x000000008b000000, 0x000000008b100000, 0x000000008b100000|100%| O|  |TAMS 0x000000008b000000| PB 0x000000008b000000| Untracked 
|   9|0x000000008b100000, 0x000000008b200000, 0x000000008b200000|100%| O|  |TAMS 0x000000008b100000| PB 0x000000008b100000| Untracked 
|  10|0x000000008b200000, 0x000000008b300000, 0x000000008b300000|100%| O|  |TAMS 0x000000008b200000| PB 0x000000008b200000| Untracked 
|  11|0x000000008b300000, 0x000000008b400000, 0x000000008b400000|100%| O|  |TAMS 0x000000008b300000| PB 0x000000008b300000| Untracked 
|  12|0x000000008b400000, 0x000000008b500000, 0x000000008b500000|100%| O|  |TAMS 0x000000008b400000| PB 0x000000008b400000| Untracked 
|  13|0x000000008b500000, 0x000000008b600000, 0x000000008b600000|100%| O|  |TAMS 0x000000008b500000| PB 0x000000008b500000| Untracked 
|  14|0x000000008b600000, 0x000000008b700000, 0x000000008b700000|100%| O|  |TAMS 0x000000008b600000| PB 0x000000008b600000| Untracked 
|  15|0x000000008b700000, 0x000000008b800000, 0x000000008b800000|100%| O|  |TAMS 0x000000008b700000| PB 0x000000008b700000| Untracked 
|  16|0x000000008b800000, 0x000000008b900000, 0x000000008b900000|100%| O|  |TAMS 0x000000008b800000| PB 0x000000008b800000| Untracked 
|  17|0x000000008b900000, 0x000000008ba00000, 0x000000008ba00000|100%| O|  |TAMS 0x000000008b900000| PB 0x000000008b900000| Untracked 
|  18|0x000000008ba00000, 0x000000008bb00000, 0x000000008bb00000|100%| O|  |TAMS 0x000000008ba00000| PB 0x000000008ba00000| Untracked 
|  19|0x000000008bb00000, 0x000000008bb65e30, 0x000000008bc00000| 39%| O|  |TAMS 0x000000008bb00000| PB 0x000000008bb00000| Untracked 
|  20|0x000000008bc00000, 0x000000008bc00000, 0x000000008bd00000|  0%| F|  |TAMS 0x000000008bc00000| PB 0x000000008bc00000| Untracked 
|  21|0x000000008bd00000, 0x000000008be00000, 0x000000008be00000|100%| O|  |TAMS 0x000000008bd00000| PB 0x000000008bd00000| Untracked 
|  22|0x000000008be00000, 0x000000008bf00000, 0x000000008bf00000|100%| O|Cm|TAMS 0x000000008be00000| PB 0x000000008be00000| Complete 
|  23|0x000000008bf00000, 0x000000008c000000, 0x000000008c000000|100%| O|  |TAMS 0x000000008bf00000| PB 0x000000008bf00000| Untracked 
|  24|0x000000008c000000, 0x000000008c000000, 0x000000008c100000|  0%| F|  |TAMS 0x000000008c000000| PB 0x000000008c000000| Untracked 
|  25|0x000000008c100000, 0x000000008c100000, 0x000000008c200000|  0%| F|  |TAMS 0x000000008c100000| PB 0x000000008c100000| Untracked 
|  26|0x000000008c200000, 0x000000008c200000, 0x000000008c300000|  0%| F|  |TAMS 0x000000008c200000| PB 0x000000008c200000| Untracked 
|  27|0x000000008c300000, 0x000000008c300000, 0x000000008c400000|  0%| F|  |TAMS 0x000000008c300000| PB 0x000000008c300000| Untracked 
|  28|0x000000008c400000, 0x000000008c400000, 0x000000008c500000|  0%| F|  |TAMS 0x000000008c400000| PB 0x000000008c400000| Untracked 
|  29|0x000000008c500000, 0x000000008c500000, 0x000000008c600000|  0%| F|  |TAMS 0x000000008c500000| PB 0x000000008c500000| Untracked 
|  30|0x000000008c600000, 0x000000008c600000, 0x000000008c700000|  0%| F|  |TAMS 0x000000008c600000| PB 0x000000008c600000| Untracked 
|  31|0x000000008c700000, 0x000000008c700000, 0x000000008c800000|  0%| F|  |TAMS 0x000000008c700000| PB 0x000000008c700000| Untracked 
|  32|0x000000008c800000, 0x000000008c800000, 0x000000008c900000|  0%| F|  |TAMS 0x000000008c800000| PB 0x000000008c800000| Untracked 
|  33|0x000000008c900000, 0x000000008c9ff7a8, 0x000000008ca00000| 99%| S|CS|TAMS 0x000000008c900000| PB 0x000000008c900000| Complete 
|  34|0x000000008ca00000, 0x000000008cb00000, 0x000000008cb00000|100%| S|CS|TAMS 0x000000008ca00000| PB 0x000000008ca00000| Complete 
|  35|0x000000008cb00000, 0x000000008cc00000, 0x000000008cc00000|100%| S|CS|TAMS 0x000000008cb00000| PB 0x000000008cb00000| Complete 
|  36|0x000000008cc00000, 0x000000008cc00000, 0x000000008cd00000|  0%| F|  |TAMS 0x000000008cc00000| PB 0x000000008cc00000| Untracked 
|  37|0x000000008cd00000, 0x000000008cd00000, 0x000000008ce00000|  0%| F|  |TAMS 0x000000008cd00000| PB 0x000000008cd00000| Untracked 
|  38|0x000000008ce00000, 0x000000008ce79240, 0x000000008cf00000| 47%| E|  |TAMS 0x000000008ce00000| PB 0x000000008ce00000| Complete 
|  39|0x000000008cf00000, 0x000000008d000000, 0x000000008d000000|100%| E|CS|TAMS 0x000000008cf00000| PB 0x000000008cf00000| Complete 
|  40|0x000000008d000000, 0x000000008d100000, 0x000000008d100000|100%| E|CS|TAMS 0x000000008d000000| PB 0x000000008d000000| Complete 
|  41|0x000000008d100000, 0x000000008d200000, 0x000000008d200000|100%| E|CS|TAMS 0x000000008d100000| PB 0x000000008d100000| Complete 
|  42|0x000000008d200000, 0x000000008d300000, 0x000000008d300000|100%| E|CS|TAMS 0x000000008d200000| PB 0x000000008d200000| Complete 
|  43|0x000000008d300000, 0x000000008d400000, 0x000000008d400000|100%| E|CS|TAMS 0x000000008d300000| PB 0x000000008d300000| Complete 
|  44|0x000000008d400000, 0x000000008d500000, 0x000000008d500000|100%| E|CS|TAMS 0x000000008d400000| PB 0x000000008d400000| Complete 
|  45|0x000000008d500000, 0x000000008d600000, 0x000000008d600000|100%| E|CS|TAMS 0x000000008d500000| PB 0x000000008d500000| Complete 
|  46|0x000000008d600000, 0x000000008d700000, 0x000000008d700000|100%| E|CS|TAMS 0x000000008d600000| PB 0x000000008d600000| Complete 
|  47|0x000000008d700000, 0x000000008d800000, 0x000000008d800000|100%| E|CS|TAMS 0x000000008d700000| PB 0x000000008d700000| Complete 
|  48|0x000000008d800000, 0x000000008d900000, 0x000000008d900000|100%| E|CS|TAMS 0x000000008d800000| PB 0x000000008d800000| Complete 
|  49|0x000000008d900000, 0x000000008da00000, 0x000000008da00000|100%| E|CS|TAMS 0x000000008d900000| PB 0x000000008d900000| Complete 
|  50|0x000000008da00000, 0x000000008db00000, 0x000000008db00000|100%| E|CS|TAMS 0x000000008da00000| PB 0x000000008da00000| Complete 
|  51|0x000000008db00000, 0x000000008dc00000, 0x000000008dc00000|100%| E|CS|TAMS 0x000000008db00000| PB 0x000000008db00000| Complete 
|  52|0x000000008dc00000, 0x000000008dd00000, 0x000000008dd00000|100%| E|CS|TAMS 0x000000008dc00000| PB 0x000000008dc00000| Complete 
|  53|0x000000008dd00000, 0x000000008de00000, 0x000000008de00000|100%| E|CS|TAMS 0x000000008dd00000| PB 0x000000008dd00000| Complete 
|  54|0x000000008de00000, 0x000000008df00000, 0x000000008df00000|100%| E|CS|TAMS 0x000000008de00000| PB 0x000000008de00000| Complete 
|  55|0x000000008df00000, 0x000000008e000000, 0x000000008e000000|100%| E|CS|TAMS 0x000000008df00000| PB 0x000000008df00000| Complete 
|  56|0x000000008e000000, 0x000000008e100000, 0x000000008e100000|100%| E|CS|TAMS 0x000000008e000000| PB 0x000000008e000000| Complete 
|  57|0x000000008e100000, 0x000000008e200000, 0x000000008e200000|100%| E|CS|TAMS 0x000000008e100000| PB 0x000000008e100000| Complete 
|  58|0x000000008e200000, 0x000000008e300000, 0x000000008e300000|100%| E|CS|TAMS 0x000000008e200000| PB 0x000000008e200000| Complete 
| 110|0x0000000091600000, 0x0000000091700000, 0x0000000091700000|100%| E|CS|TAMS 0x0000000091600000| PB 0x0000000091600000| Complete 
| 117|0x0000000091d00000, 0x0000000091e00000, 0x0000000091e00000|100%| E|CS|TAMS 0x0000000091d00000| PB 0x0000000091d00000| Complete 
|1875|0x00000000ffb00000, 0x00000000ffc00000, 0x00000000ffc00000|100%| O|  |TAMS 0x00000000ffb00000| PB 0x00000000ffb00000| Untracked 
|1876|0x00000000ffc00000, 0x00000000ffd00000, 0x00000000ffd00000|100%| O|  |TAMS 0x00000000ffc00000| PB 0x00000000ffc00000| Untracked 
|1877|0x00000000ffd00000, 0x00000000ffe00000, 0x00000000ffe00000|100%| O|  |TAMS 0x00000000ffd00000| PB 0x00000000ffd00000| Untracked 
|1878|0x00000000ffe00000, 0x00000000fff00000, 0x00000000fff00000|100%| O|  |TAMS 0x00000000ffe00000| PB 0x00000000ffe00000| Untracked 
|1879|0x00000000fff00000, 0x0000000100000000, 0x0000000100000000|100%| O|  |TAMS 0x00000000fff00000| PB 0x00000000fff00000| Untracked 

Card table byte_map: [0x000001a0c8a20000,0x000001a0c8dd0000] _byte_map_base: 0x000001a0c85cc000

Marking Bits: (CMBitMap*) 0x000001a0b0a51cd0
 Bits: [0x000001a0c8dd0000, 0x000001a0cab30000)

Polling page: 0x000001a0affe0000

Metaspace:

Usage:
  Non-class:     25.61 MB used.
      Class:      3.28 MB used.
       Both:     28.89 MB used.

Virtual space:
  Non-class space:       64.00 MB reserved,      25.75 MB ( 40%) committed,  1 nodes.
      Class space:        1.00 GB reserved,       3.44 MB ( <1%) committed,  1 nodes.
             Both:        1.06 GB reserved,      29.19 MB (  3%) committed. 

Chunk freelists:
   Non-Class:  5.88 MB
       Class:  12.53 MB
        Both:  18.41 MB

MaxMetaspaceSize: unlimited
CompressedClassSpaceSize: 1.00 GB
Initial GC threshold: 21.00 MB
Current GC threshold: 47.44 MB
CDS: on
 - commit_granule_bytes: 65536.
 - commit_granule_words: 8192.
 - virtual_space_node_default_size: 8388608.
 - enlarge_chunks_in_place: 1.
 - use_allocation_guard: 0.


Internal statistics:

num_allocs_failed_limit: 3.
num_arena_births: 316.
num_arena_deaths: 0.
num_vsnodes_births: 2.
num_vsnodes_deaths: 0.
num_space_committed: 467.
num_space_uncommitted: 0.
num_chunks_returned_to_freelist: 3.
num_chunks_taken_from_freelist: 1340.
num_chunk_merges: 3.
num_chunk_splits: 972.
num_chunks_enlarged: 773.
num_inconsistent_stats: 0.

CodeHeap 'non-profiled nmethods': size=120000Kb used=3532Kb max_used=3532Kb free=116467Kb
 bounds [0x000001a0c0be0000, 0x000001a0c0f60000, 0x000001a0c8110000]
CodeHeap 'profiled nmethods': size=120000Kb used=16220Kb max_used=16220Kb free=103779Kb
 bounds [0x000001a0b9110000, 0x000001a0ba0f0000, 0x000001a0c0640000]
CodeHeap 'non-nmethods': size=5760Kb used=1379Kb max_used=1431Kb free=4380Kb
 bounds [0x000001a0c0640000, 0x000001a0c08b0000, 0x000001a0c0be0000]
CodeCache: size=245760Kb, used=21131Kb, max_used=21183Kb, free=224626Kb
 total_blobs=7639, nmethods=7101, adapters=442, full_count=0
Compilation: enabled, stopped_count=0, restarted_count=0

Compilation events (20 events):
Event: 6.574 Thread 0x000001a0cd7cafa0 nmethod 7656 0x000001a0ba09a110 code [0x000001a0ba09a2c0, 0x000001a0ba09a440]
Event: 6.574 Thread 0x000001a0cd7cafa0 7657       2       com.sun.tools.javac.comp.Resolve::resolveMethod (41 bytes)
Event: 6.574 Thread 0x000001a0cd7cafa0 nmethod 7657 0x000001a0ba09a590 code [0x000001a0ba09a740, 0x000001a0ba09a980]
Event: 6.574 Thread 0x000001a0cd7cafa0 7658       2       com.sun.tools.javac.comp.Resolve$11::<init> (17 bytes)
Event: 6.574 Thread 0x000001a0cd7cafa0 nmethod 7658 0x000001a0ba09ab10 code [0x000001a0ba09acc0, 0x000001a0ba09ae28]
Event: 6.575 Thread 0x000001a0cd7cafa0 7659       2       com.sun.tools.javac.comp.Flow$AliveAnalyzer::visitReturn (21 bytes)
Event: 6.575 Thread 0x000001a0cd7cafa0 nmethod 7659 0x000001a0ba09af10 code [0x000001a0ba09b0e0, 0x000001a0ba09b3c0]
Event: 6.576 Thread 0x000001a0cd7cafa0 7660       2       com.sun.tools.javac.code.TypeAnnotations$TypeAnnotationPositions::visitBlock (16 bytes)
Event: 6.576 Thread 0x000001a0cd7cafa0 nmethod 7660 0x000001a0ba09b590 code [0x000001a0ba09b760, 0x000001a0ba09bca8]
Event: 6.577 Thread 0x000001a0cd7cafa0 7661       2       com.sun.tools.javac.comp.Flow$AssignAnalyzer::scanCond (291 bytes)
Event: 6.578 Thread 0x000001a0cd7cafa0 nmethod 7661 0x000001a0ba09bf90 code [0x000001a0ba09c300, 0x000001a0ba09d330]
Event: 6.578 Thread 0x000001a0cd7cafa0 7662       2       com.sun.tools.javac.comp.Flow$AssignAnalyzer::visitBinary (227 bytes)
Event: 6.580 Thread 0x000001a0cd7cafa0 nmethod 7662 0x000001a0ba09db90 code [0x000001a0ba09dfa0, 0x000001a0ba09f360]
Event: 6.580 Thread 0x000001a0cd7cafa0 7663       2       com.sun.tools.javac.tree.JCTree$JCFunctionalExpression::getDescriptorType (24 bytes)
Event: 6.580 Thread 0x000001a0cd7cafa0 nmethod 7663 0x000001a0ba09fe90 code [0x000001a0ba0a0060, 0x000001a0ba0a02c0]
Event: 6.586 Thread 0x000001a0cd7cafa0 7664       2       com.sun.tools.javac.comp.TransTypes::visitBinary (71 bytes)
Event: 6.587 Thread 0x000001a0cd7cafa0 nmethod 7664 0x000001a0ba0a0490 code [0x000001a0ba0a0680, 0x000001a0ba0a0ab0]
Event: 6.591 Thread 0x000001a0cd7cafa0 7665       2       com.sun.tools.javac.comp.TransTypes::visitTypeApply (16 bytes)
Event: 6.591 Thread 0x000001a0cd7cafa0 nmethod 7665 0x000001a0ba0a0d10 code [0x000001a0ba0a0ec0, 0x000001a0ba0a1058]
Event: 6.597 Thread 0x000001a0cd7cafa0 7668   !   2       com.sun.tools.javac.comp.LambdaToMethod$LambdaAnalyzerPreprocessor::visitBlock (79 bytes)

GC Heap History (18 events):
Event: 0.951 GC heap before
{Heap before GC invocations=0 (full 0):
 garbage-first heap   total 120832K, used 23552K [0x000000008a800000, 0x0000000100000000)
  region size 1024K, 23 young (23552K), 0 survivors (0K)
 Metaspace       used 5687K, committed 5888K, reserved 1114112K
  class space    used 671K, committed 768K, reserved 1048576K
}
Event: 0.959 GC heap after
{Heap after GC invocations=1 (full 0):
 garbage-first heap   total 120832K, used 3672K [0x000000008a800000, 0x0000000100000000)
  region size 1024K, 3 young (3072K), 3 survivors (3072K)
 Metaspace       used 5687K, committed 5888K, reserved 1114112K
  class space    used 671K, committed 768K, reserved 1048576K
}
Event: 1.463 GC heap before
{Heap before GC invocations=1 (full 0):
 garbage-first heap   total 120832K, used 35416K [0x000000008a800000, 0x0000000100000000)
  region size 1024K, 34 young (34816K), 3 survivors (3072K)
 Metaspace       used 9641K, committed 9856K, reserved 1114112K
  class space    used 1161K, committed 1280K, reserved 1048576K
}
Event: 1.469 GC heap after
{Heap after GC invocations=2 (full 0):
 garbage-first heap   total 120832K, used 5387K [0x000000008a800000, 0x0000000100000000)
  region size 1024K, 2 young (2048K), 2 survivors (2048K)
 Metaspace       used 9641K, committed 9856K, reserved 1114112K
  class space    used 1161K, committed 1280K, reserved 1048576K
}
Event: 3.365 GC heap before
{Heap before GC invocations=2 (full 0):
 garbage-first heap   total 120832K, used 75019K [0x000000008a800000, 0x0000000100000000)
  region size 1024K, 70 young (71680K), 2 survivors (2048K)
 Metaspace       used 17377K, committed 17664K, reserved 1114112K
  class space    used 2053K, committed 2176K, reserved 1048576K
}
Event: 3.375 GC heap after
{Heap after GC invocations=3 (full 0):
 garbage-first heap   total 120832K, used 10983K [0x000000008a800000, 0x0000000100000000)
  region size 1024K, 7 young (7168K), 7 survivors (7168K)
 Metaspace       used 17377K, committed 17664K, reserved 1114112K
  class space    used 2053K, committed 2176K, reserved 1048576K
}
Event: 3.879 GC heap before
{Heap before GC invocations=3 (full 0):
 garbage-first heap   total 120832K, used 17127K [0x000000008a800000, 0x0000000100000000)
  region size 1024K, 14 young (14336K), 7 survivors (7168K)
 Metaspace       used 21219K, committed 21504K, reserved 1114112K
  class space    used 2560K, committed 2688K, reserved 1048576K
}
Event: 3.890 GC heap after
{Heap after GC invocations=4 (full 0):
 garbage-first heap   total 120832K, used 12074K [0x000000008a800000, 0x0000000100000000)
  region size 1024K, 1 young (1024K), 1 survivors (1024K)
 Metaspace       used 21219K, committed 21504K, reserved 1114112K
  class space    used 2560K, committed 2688K, reserved 1048576K
}
Event: 4.492 GC heap before
{Heap before GC invocations=5 (full 0):
 garbage-first heap   total 40960K, used 39722K [0x000000008a800000, 0x0000000100000000)
  region size 1024K, 29 young (29696K), 1 survivors (1024K)
 Metaspace       used 25923K, committed 26304K, reserved 1114112K
  class space    used 3031K, committed 3200K, reserved 1048576K
}
Event: 4.504 GC heap after
{Heap after GC invocations=6 (full 0):
 garbage-first heap   total 51200K, used 20903K [0x000000008a800000, 0x0000000100000000)
  region size 1024K, 9 young (9216K), 9 survivors (9216K)
 Metaspace       used 25923K, committed 26304K, reserved 1114112K
  class space    used 3031K, committed 3200K, reserved 1048576K
}
Event: 4.707 GC heap before
{Heap before GC invocations=6 (full 0):
 garbage-first heap   total 51200K, used 40359K [0x000000008a800000, 0x0000000100000000)
  region size 1024K, 28 young (28672K), 9 survivors (9216K)
 Metaspace       used 26341K, committed 26624K, reserved 1114112K
  class space    used 3063K, committed 3200K, reserved 1048576K
}
Event: 4.719 GC heap after
{Heap after GC invocations=7 (full 0):
 garbage-first heap   total 55296K, used 24843K [0x000000008a800000, 0x0000000100000000)
  region size 1024K, 4 young (4096K), 4 survivors (4096K)
 Metaspace       used 26341K, committed 26624K, reserved 1114112K
  class space    used 3063K, committed 3200K, reserved 1048576K
}
Event: 5.188 GC heap before
{Heap before GC invocations=7 (full 0):
 garbage-first heap   total 55296K, used 44299K [0x000000008a800000, 0x0000000100000000)
  region size 1024K, 23 young (23552K), 4 survivors (4096K)
 Metaspace       used 28095K, committed 28416K, reserved 1114112K
  class space    used 3263K, committed 3392K, reserved 1048576K
}
Event: 5.197 GC heap after
{Heap after GC invocations=8 (full 0):
 garbage-first heap   total 55296K, used 27775K [0x000000008a800000, 0x0000000100000000)
  region size 1024K, 3 young (3072K), 3 survivors (3072K)
 Metaspace       used 28095K, committed 28416K, reserved 1114112K
  class space    used 3263K, committed 3392K, reserved 1048576K
}
Event: 5.512 GC heap before
{Heap before GC invocations=8 (full 0):
 garbage-first heap   total 55296K, used 45183K [0x000000008a800000, 0x0000000100000000)
  region size 1024K, 20 young (20480K), 3 survivors (3072K)
 Metaspace       used 28834K, committed 29120K, reserved 1114112K
  class space    used 3326K, committed 3456K, reserved 1048576K
}
Event: 5.519 GC heap after
{Heap after GC invocations=9 (full 0):
 garbage-first heap   total 67584K, used 30071K [0x000000008a800000, 0x0000000100000000)
  region size 1024K, 2 young (2048K), 2 survivors (2048K)
 Metaspace       used 28834K, committed 29120K, reserved 1114112K
  class space    used 3326K, committed 3456K, reserved 1048576K
}
Event: 6.417 GC heap before
{Heap before GC invocations=10 (full 0):
 garbage-first heap   total 67584K, used 55671K [0x000000008a800000, 0x0000000100000000)
  region size 1024K, 27 young (27648K), 2 survivors (2048K)
 Metaspace       used 29311K, committed 29696K, reserved 1114112K
  class space    used 3343K, committed 3520K, reserved 1048576K
}
Event: 6.423 GC heap after
{Heap after GC invocations=11 (full 0):
 garbage-first heap   total 67584K, used 31125K [0x000000008a800000, 0x0000000100000000)
  region size 1024K, 3 young (3072K), 3 survivors (3072K)
 Metaspace       used 29311K, committed 29696K, reserved 1114112K
  class space    used 3343K, committed 3520K, reserved 1048576K
}

Dll operation events (8 events):
Event: 0.008 Loaded shared library C:\Program Files\Eclipse Adoptium\jdk-21.0.9.10-hotspot\bin\java.dll
Event: 0.043 Loaded shared library C:\Program Files\Eclipse Adoptium\jdk-21.0.9.10-hotspot\bin\jsvml.dll
Event: 0.065 Loaded shared library C:\Program Files\Eclipse Adoptium\jdk-21.0.9.10-hotspot\bin\net.dll
Event: 0.077 Loaded shared library C:\Program Files\Eclipse Adoptium\jdk-21.0.9.10-hotspot\bin\nio.dll
Event: 0.088 Loaded shared library C:\Program Files\Eclipse Adoptium\jdk-21.0.9.10-hotspot\bin\zip.dll
Event: 0.463 Loaded shared library C:\Program Files\Eclipse Adoptium\jdk-21.0.9.10-hotspot\bin\jimage.dll
Event: 0.467 Loaded shared library C:\Program Files\Apache\maven\apache-maven-3.9.11\lib\jansi-native\Windows\x86_64\jansi.dll
Event: 0.481 Loaded shared library C:\Program Files\Eclipse Adoptium\jdk-21.0.9.10-hotspot\bin\verify.dll

Deoptimization events (20 events):
Event: 6.431 Thread 0x000001a0ae5ca120 DEOPT PACKING pc=0x000001a0c0ecce90 sp=0x00000073e03f9910
Event: 6.431 Thread 0x000001a0ae5ca120 DEOPT UNPACKING pc=0x000001a0c0694422 sp=0x00000073e03f9898 mode 2
Event: 6.432 Thread 0x000001a0ae5ca120 Uncommon trap: trap_request=0xffffffde fr.pc=0x000001a0c0ecce90 relative=0x0000000000000070
Event: 6.432 Thread 0x000001a0ae5ca120 Uncommon trap: reason=class_check action=maybe_recompile pc=0x000001a0c0ecce90 method=com.sun.tools.javac.code.Symbol.flatName()Lcom/sun/tools/javac/util/Name; @ 1 c2
Event: 6.432 Thread 0x000001a0ae5ca120 DEOPT PACKING pc=0x000001a0c0ecce90 sp=0x00000073e03f9b30
Event: 6.432 Thread 0x000001a0ae5ca120 DEOPT UNPACKING pc=0x000001a0c0694422 sp=0x00000073e03f9ab8 mode 2
Event: 6.432 Thread 0x000001a0ae5ca120 Uncommon trap: trap_request=0xffffff45 fr.pc=0x000001a0c0c234c8 relative=0x0000000000000248
Event: 6.432 Thread 0x000001a0ae5ca120 Uncommon trap: reason=unstable_if action=reinterpret pc=0x000001a0c0c234c8 method=com.sun.tools.javac.code.Types$5.visitClassType(Lcom/sun/tools/javac/code/Type$ClassType;Lcom/sun/tools/javac/code/Type;)Ljava/lang/Boolean; @ 98 c2
Event: 6.432 Thread 0x000001a0ae5ca120 DEOPT PACKING pc=0x000001a0c0c234c8 sp=0x00000073e03f9cc0
Event: 6.432 Thread 0x000001a0ae5ca120 DEOPT UNPACKING pc=0x000001a0c0694422 sp=0x00000073e03f9c38 mode 2
Event: 6.432 Thread 0x000001a0ae5ca120 Uncommon trap: trap_request=0xffffffde fr.pc=0x000001a0c0ecce90 relative=0x0000000000000070
Event: 6.432 Thread 0x000001a0ae5ca120 Uncommon trap: reason=class_check action=maybe_recompile pc=0x000001a0c0ecce90 method=com.sun.tools.javac.code.Symbol.flatName()Lcom/sun/tools/javac/util/Name; @ 1 c2
Event: 6.432 Thread 0x000001a0ae5ca120 DEOPT PACKING pc=0x000001a0c0ecce90 sp=0x00000073e03fa150
Event: 6.432 Thread 0x000001a0ae5ca120 DEOPT UNPACKING pc=0x000001a0c0694422 sp=0x00000073e03fa0d8 mode 2
Event: 6.432 Thread 0x000001a0ae5ca120 Uncommon trap: trap_request=0xffffffde fr.pc=0x000001a0c0ecce90 relative=0x0000000000000070
Event: 6.432 Thread 0x000001a0ae5ca120 Uncommon trap: reason=class_check action=maybe_recompile pc=0x000001a0c0ecce90 method=com.sun.tools.javac.code.Symbol.flatName()Lcom/sun/tools/javac/util/Name; @ 1 c2
Event: 6.432 Thread 0x000001a0ae5ca120 DEOPT PACKING pc=0x000001a0c0ecce90 sp=0x00000073e03fa370
Event: 6.432 Thread 0x000001a0ae5ca120 DEOPT UNPACKING pc=0x000001a0c0694422 sp=0x00000073e03fa2f8 mode 2
Event: 6.602 Thread 0x000001a0ae5ca120 Uncommon trap: trap_request=0xffffff45 fr.pc=0x000001a0c0e065bc relative=0x000000000000017c
Event: 7.598 Thread 0x000001a0ae5ca120 Uncommon trap: reason=unstable_if action=reinterpret pc=0x000001a0c0e065bc method=com.sun.tools.javac.util.IntHashTable.lookup(Ljava/lang/Object;)I @ 73 c2

Classes loaded (20 events):
Event: 4.990 Loading class java/lang/runtime/ObjectMethods$1
Event: 4.990 Loading class java/lang/runtime/ObjectMethods$1 done
Event: 4.992 Loading class java/lang/invoke/DirectMethodHandle$1
Event: 4.992 Loading class java/lang/invoke/DirectMethodHandle$1 done
Event: 5.020 Loading class java/lang/invoke/MethodHandleImpl$CountingWrapper
Event: 5.024 Loading class java/lang/invoke/MethodHandleImpl$CountingWrapper done
Event: 5.097 Loading class java/io/DataOutputStream
Event: 5.097 Loading class java/io/DataOutputStream done
Event: 5.130 Loading class java/util/EnumMap$EntrySet
Event: 5.130 Loading class java/util/EnumMap$EntrySet done
Event: 5.130 Loading class java/util/EnumMap$EntryIterator
Event: 5.130 Loading class java/util/EnumMap$EnumMapIterator
Event: 5.130 Loading class java/util/EnumMap$EnumMapIterator done
Event: 5.130 Loading class java/util/EnumMap$EntryIterator done
Event: 5.130 Loading class java/util/EnumMap$EntryIterator$Entry
Event: 5.130 Loading class java/util/EnumMap$EntryIterator$Entry done
Event: 5.418 Loading class java/util/stream/ReduceOps$2
Event: 5.418 Loading class java/util/stream/ReduceOps$2 done
Event: 5.418 Loading class java/util/stream/ReduceOps$2ReducingSink
Event: 5.418 Loading class java/util/stream/ReduceOps$2ReducingSink done

Classes unloaded (0 events):
No events

Classes redefined (0 events):
No events

Internal exceptions (20 events):
Event: 5.829 Thread 0x000001a0ae5ca120 Exception <a 'sun/nio/fs/WindowsException'{0x000000008d36b0d0}> (0x000000008d36b0d0) 
thrown [s\src\hotspot\share\prims\jni.cpp, line 520]
Event: 5.833 Thread 0x000001a0ae5ca120 Exception <a 'sun/nio/fs/WindowsException'{0x000000008d377fc8}> (0x000000008d377fc8) 
thrown [s\src\hotspot\share\prims\jni.cpp, line 520]
Event: 5.845 Thread 0x000001a0ae5ca120 Exception <a 'sun/nio/fs/WindowsException'{0x000000008d383d48}> (0x000000008d383d48) 
thrown [s\src\hotspot\share\prims\jni.cpp, line 520]
Event: 5.851 Thread 0x000001a0ae5ca120 Exception <a 'sun/nio/fs/WindowsException'{0x000000008d3b5018}> (0x000000008d3b5018) 
thrown [s\src\hotspot\share\prims\jni.cpp, line 520]
Event: 5.870 Thread 0x000001a0ae5ca120 Exception <a 'sun/nio/fs/WindowsException'{0x000000008d106ac0}> (0x000000008d106ac0) 
thrown [s\src\hotspot\share\prims\jni.cpp, line 520]
Event: 5.879 Thread 0x000001a0ae5ca120 Exception <a 'sun/nio/fs/WindowsException'{0x000000008d11c9a0}> (0x000000008d11c9a0) 
thrown [s\src\hotspot\share\prims\jni.cpp, line 520]
Event: 5.884 Thread 0x000001a0ae5ca120 Exception <a 'sun/nio/fs/WindowsException'{0x000000008d13c838}> (0x000000008d13c838) 
thrown [s\src\hotspot\share\prims\jni.cpp, line 520]
Event: 5.900 Thread 0x000001a0ae5ca120 Exception <a 'sun/nio/fs/WindowsException'{0x000000008d19ed70}> (0x000000008d19ed70) 
thrown [s\src\hotspot\share\prims\jni.cpp, line 520]
Event: 5.906 Thread 0x000001a0ae5ca120 Exception <a 'sun/nio/fs/WindowsException'{0x000000008d1afac0}> (0x000000008d1afac0) 
thrown [s\src\hotspot\share\prims\jni.cpp, line 520]
Event: 5.914 Thread 0x000001a0ae5ca120 Exception <a 'sun/nio/fs/WindowsException'{0x000000008d026f30}> (0x000000008d026f30) 
thrown [s\src\hotspot\share\prims\jni.cpp, line 520]
Event: 5.938 Thread 0x000001a0ae5ca120 Exception <a 'sun/nio/fs/WindowsException'{0x000000008d0390e8}> (0x000000008d0390e8) 
thrown [s\src\hotspot\share\prims\jni.cpp, line 520]
Event: 5.966 Thread 0x000001a0ae5ca120 Exception <a 'sun/nio/fs/WindowsException'{0x000000008cd229b0}> (0x000000008cd229b0) 
thrown [s\src\hotspot\share\prims\jni.cpp, line 520]
Event: 5.971 Thread 0x000001a0ae5ca120 Exception <a 'sun/nio/fs/WindowsException'{0x000000008cd50028}> (0x000000008cd50028) 
thrown [s\src\hotspot\share\prims\jni.cpp, line 520]
Event: 6.376 Thread 0x000001a0ae5ca120 Exception <a 'sun/nio/fs/WindowsException'{0x000000008cdb9bb8}> (0x000000008cdb9bb8) 
thrown [s\src\hotspot\share\prims\jni.cpp, line 520]
Event: 6.405 Thread 0x000001a0ae5ca120 Exception <a 'sun/nio/fs/WindowsException'{0x000000008cc27328}> (0x000000008cc27328) 
thrown [s\src\hotspot\share\prims\jni.cpp, line 520]
Event: 6.444 Thread 0x000001a0ae5ca120 Exception <a 'sun/nio/fs/WindowsException'{0x00000000916c4500}> (0x00000000916c4500) 
thrown [s\src\hotspot\share\prims\jni.cpp, line 520]
Event: 6.464 Thread 0x000001a0ae5ca120 Exception <a 'sun/nio/fs/WindowsException'{0x000000008e177348}> (0x000000008e177348) 
thrown [s\src\hotspot\share\prims\jni.cpp, line 520]
Event: 6.472 Thread 0x000001a0ae5ca120 Exception <a 'sun/nio/fs/WindowsException'{0x000000008e1d7008}> (0x000000008e1d7008) 
thrown [s\src\hotspot\share\prims\jni.cpp, line 520]
Event: 6.479 Thread 0x000001a0ae5ca120 Exception <a 'sun/nio/fs/WindowsException'{0x000000008e1e22d0}> (0x000000008e1e22d0) 
thrown [s\src\hotspot\share\prims\jni.cpp, line 520]
Event: 6.495 Thread 0x000001a0ae5ca120 Exception <a 'sun/nio/fs/WindowsException'{0x000000008e1eb018}> (0x000000008e1eb018) 
thrown [s\src\hotspot\share\prims\jni.cpp, line 520]

ZGC Phase Switch (0 events):
No events

VM Operations (20 events):
Event: 5.422 Executing VM operation: ICBufferFull done
Event: 5.512 Executing VM operation: G1CollectForAllocation (G1 Evacuation Pause)
Event: 5.519 Executing VM operation: G1CollectForAllocation (G1 Evacuation Pause) done
Event: 5.534 Executing VM operation: G1PauseRemark
Event: 5.541 Executing VM operation: G1PauseRemark done
Event: 5.547 Executing VM operation: G1PauseCleanup
Event: 5.547 Executing VM operation: G1PauseCleanup done
Event: 5.679 Executing VM operation: ICBufferFull
Event: 5.680 Executing VM operation: ICBufferFull done
Event: 5.812 Executing VM operation: ICBufferFull
Event: 5.813 Executing VM operation: ICBufferFull done
Event: 6.402 Executing VM operation: ICBufferFull
Event: 6.402 Executing VM operation: ICBufferFull done
Event: 6.415 Executing VM operation: HandshakeAllThreads (Deoptimize)
Event: 6.415 Executing VM operation: HandshakeAllThreads (Deoptimize) done
Event: 6.417 Executing VM operation: G1CollectForAllocation (G1 Evacuation Pause)
Event: 6.423 Executing VM operation: G1CollectForAllocation (G1 Evacuation Pause) done
Event: 6.432 Executing VM operation: HandshakeAllThreads (Deoptimize)
Event: 6.432 Executing VM operation: HandshakeAllThreads (Deoptimize) done
Event: 7.440 Executing VM operation: Cleanup

Memory protections (0 events):
No events

Nmethod flushes (20 events):
Event: 5.541 Thread 0x000001a0cd78ad60 flushing  nmethod 0x000001a0b96a6090
Event: 5.541 Thread 0x000001a0cd78ad60 flushing  nmethod 0x000001a0b96ad810
Event: 5.541 Thread 0x000001a0cd78ad60 flushing  nmethod 0x000001a0b96ae290
Event: 5.541 Thread 0x000001a0cd78ad60 flushing  nmethod 0x000001a0b96af310
Event: 5.541 Thread 0x000001a0cd78ad60 flushing  nmethod 0x000001a0b96b1e10
Event: 5.541 Thread 0x000001a0cd78ad60 flushing  nmethod 0x000001a0b96b2690
Event: 5.541 Thread 0x000001a0cd78ad60 flushing  nmethod 0x000001a0b96b4210
Event: 5.541 Thread 0x000001a0cd78ad60 flushing  nmethod 0x000001a0b96d0010
Event: 5.541 Thread 0x000001a0cd78ad60 flushing  nmethod 0x000001a0b96d4090
Event: 5.541 Thread 0x000001a0cd78ad60 flushing  nmethod 0x000001a0b96e1810
Event: 5.541 Thread 0x000001a0cd78ad60 flushing  nmethod 0x000001a0b96e3d90
Event: 5.541 Thread 0x000001a0cd78ad60 flushing  nmethod 0x000001a0b96e4290
Event: 5.541 Thread 0x000001a0cd78ad60 flushing  nmethod 0x000001a0b96e6e90
Event: 5.541 Thread 0x000001a0cd78ad60 flushing  nmethod 0x000001a0b96f8090
Event: 5.541 Thread 0x000001a0cd78ad60 flushing  nmethod 0x000001a0b96fab90
Event: 5.541 Thread 0x000001a0cd78ad60 flushing  nmethod 0x000001a0b96feb90
Event: 5.541 Thread 0x000001a0cd78ad60 flushing  nmethod 0x000001a0b9707810
Event: 5.541 Thread 0x000001a0cd78ad60 flushing  nmethod 0x000001a0b9722710
Event: 5.541 Thread 0x000001a0cd78ad60 flushing  nmethod 0x000001a0b98fef10
Event: 5.541 Thread 0x000001a0cd78ad60 flushing  nmethod 0x000001a0b9947a90

Events (20 events):
Event: 0.027 Thread 0x000001a0ae5ca120 Thread added: 0x000001a0ae5ca120
Event: 0.040 Thread 0x000001a0ae5ca120 Thread added: 0x000001a0cd7a9820
Event: 0.040 Thread 0x000001a0ae5ca120 Thread added: 0x000001a0cd7aa270
Event: 0.041 Thread 0x000001a0ae5ca120 Thread added: 0x000001a0cd7ae740
Event: 0.041 Thread 0x000001a0ae5ca120 Thread added: 0x000001a0cd7af520
Event: 0.041 Thread 0x000001a0ae5ca120 Thread added: 0x000001a0cd7b0d60
Event: 0.041 Thread 0x000001a0ae5ca120 Thread added: 0x000001a0cd7bc4b0
Event: 0.041 Thread 0x000001a0ae5ca120 Thread added: 0x000001a0cd8003c0
Event: 0.041 Thread 0x000001a0ae5ca120 Thread added: 0x000001a0cd7cafa0
Event: 0.055 Thread 0x000001a0ae5ca120 Thread added: 0x000001a0cd929860
Event: 0.061 Thread 0x000001a0ae5ca120 Thread added: 0x000001a0cd9354b0
Event: 0.462 Thread 0x000001a0ae5ca120 Thread added: 0x000001a0cd9eff30
Event: 0.495 Thread 0x000001a0cd9eff30 Thread exited: 0x000001a0cd9eff30
Event: 0.611 Thread 0x000001a0cd7cafa0 Thread added: 0x000001a113159cf0
Event: 0.843 Thread 0x000001a113159cf0 Thread exited: 0x000001a113159cf0
Event: 0.929 Thread 0x000001a0cd7cafa0 Thread added: 0x000001a1137fe0b0
Event: 3.491 Thread 0x000001a1137fe0b0 Thread exited: 0x000001a1137fe0b0
Event: 3.667 Thread 0x000001a0cd7cafa0 Thread added: 0x000001a113c80e20
Event: 3.770 Thread 0x000001a113c80e20 Thread exited: 0x000001a113c80e20
Event: 4.080 Thread 0x000001a0cd7cafa0 Thread added: 0x000001a113c7e540


Dynamic libraries:
0x00007ff78e4c0000 - 0x00007ff78e4ce000 	C:\Program Files\Eclipse Adoptium\jdk-21.0.9.10-hotspot\bin\java.exe
0x00007ffb6bbc0000 - 0x00007ffb6be28000 	C:\Windows\SYSTEM32\ntdll.dll
0x00007ffb6b5b0000 - 0x00007ffb6b679000 	C:\Windows\System32\KERNEL32.DLL
0x00007ffb68e70000 - 0x00007ffb69268000 	C:\Windows\System32\KERNELBASE.dll
0x00007ffb69720000 - 0x00007ffb6986b000 	C:\Windows\System32\ucrtbase.dll
0x00007ffb30070000 - 0x00007ffb30088000 	C:\Program Files\Eclipse Adoptium\jdk-21.0.9.10-hotspot\bin\jli.dll
0x00007ffb0a0f0000 - 0x00007ffb0a10e000 	C:\Program Files\Eclipse Adoptium\jdk-21.0.9.10-hotspot\bin\VCRUNTIME140.dll
0x00007ffb6b710000 - 0x00007ffb6b8d7000 	C:\Windows\System32\USER32.dll
0x00007ffb68120000 - 0x00007ffb683b4000 	C:\Windows\WinSxS\amd64_microsoft.windows.common-controls_6595b64144ccf1df_6.0.26100.7019_none_3e06ffa0e335b8a8\COMCTL32.dll
0x00007ffb69870000 - 0x00007ffb69897000 	C:\Windows\System32\win32u.dll
0x00007ffb6b040000 - 0x00007ffb6b0e9000 	C:\Windows\System32\msvcrt.dll
0x00007ffb6a200000 - 0x00007ffb6a22b000 	C:\Windows\System32\GDI32.dll
0x00007ffb695f0000 - 0x00007ffb6971c000 	C:\Windows\System32\gdi32full.dll
0x00007ffb68d10000 - 0x00007ffb68db3000 	C:\Windows\System32\msvcp_win.dll
0x00007ffb6a230000 - 0x00007ffb6a261000 	C:\Windows\System32\IMM32.DLL
0x00007ffb3e450000 - 0x00007ffb3e45c000 	C:\Program Files\Eclipse Adoptium\jdk-21.0.9.10-hotspot\bin\vcruntime140_1.dll
0x00007ffacdab0000 - 0x00007ffacdb3d000 	C:\Program Files\Eclipse Adoptium\jdk-21.0.9.10-hotspot\bin\msvcp140.dll
0x00007ffacbe30000 - 0x00007ffaccbd0000 	C:\Program Files\Eclipse Adoptium\jdk-21.0.9.10-hotspot\bin\server\jvm.dll
0x00007ffb6b960000 - 0x00007ffb6ba14000 	C:\Windows\System32\ADVAPI32.dll
0x00007ffb69d50000 - 0x00007ffb69df6000 	C:\Windows\System32\sechost.dll
0x00007ffb6abd0000 - 0x00007ffb6ace8000 	C:\Windows\System32\RPCRT4.dll
0x00007ffb69e00000 - 0x00007ffb69e74000 	C:\Windows\System32\WS2_32.dll
0x00007ffb68b90000 - 0x00007ffb68bee000 	C:\Windows\SYSTEM32\POWRPROF.dll
0x00007ffb5d130000 - 0x00007ffb5d165000 	C:\Windows\SYSTEM32\WINMM.dll
0x00007ffb5ede0000 - 0x00007ffb5edeb000 	C:\Windows\SYSTEM32\VERSION.dll
0x00007ffb68b70000 - 0x00007ffb68b84000 	C:\Windows\SYSTEM32\UMPDC.dll
0x00007ffb67210000 - 0x00007ffb6722b000 	C:\Windows\SYSTEM32\kernel.appcore.dll
0x00007ffb2f970000 - 0x00007ffb2f97a000 	C:\Program Files\Eclipse Adoptium\jdk-21.0.9.10-hotspot\bin\jimage.dll
0x00007ffb684d0000 - 0x00007ffb68712000 	C:\Windows\SYSTEM32\DBGHELP.DLL
0x00007ffb69960000 - 0x00007ffb69ceb000 	C:\Windows\System32\combase.dll
0x00007ffb6acf0000 - 0x00007ffb6adc7000 	C:\Windows\System32\OLEAUT32.dll
0x00007ffb683c0000 - 0x00007ffb683fc000 	C:\Windows\SYSTEM32\dbgcore.DLL
0x00007ffb68dc0000 - 0x00007ffb68e65000 	C:\Windows\System32\bcryptPrimitives.dll
0x00007ffb0a0d0000 - 0x00007ffb0a0f0000 	C:\Program Files\Eclipse Adoptium\jdk-21.0.9.10-hotspot\bin\java.dll
0x00007ffb6a270000 - 0x00007ffb6a9bf000 	C:\Windows\System32\SHELL32.dll
0x00007ffb69270000 - 0x00007ffb693db000 	C:\Windows\System32\wintypes.dll
0x00007ffb65e90000 - 0x00007ffb666ed000 	C:\Windows\SYSTEM32\windows.storage.dll
0x00007ffb6ba70000 - 0x00007ffb6bb62000 	C:\Windows\System32\SHCORE.dll
0x00007ffb6aa60000 - 0x00007ffb6aac7000 	C:\Windows\System32\shlwapi.dll
0x00007ffb68c30000 - 0x00007ffb68c59000 	C:\Windows\SYSTEM32\profapi.dll
0x00007ffacd6f0000 - 0x00007ffacd7c7000 	C:\Program Files\Eclipse Adoptium\jdk-21.0.9.10-hotspot\bin\jsvml.dll
0x00007ffb2f8b0000 - 0x00007ffb2f8c0000 	C:\Program Files\Eclipse Adoptium\jdk-21.0.9.10-hotspot\bin\net.dll
0x00007ffb60560000 - 0x00007ffb60688000 	C:\Windows\SYSTEM32\WINHTTP.dll
0x00007ffb67740000 - 0x00007ffb677ab000 	C:\Windows\system32\mswsock.dll
0x00007ffaf2550000 - 0x00007ffaf2566000 	C:\Program Files\Eclipse Adoptium\jdk-21.0.9.10-hotspot\bin\nio.dll
0x00007ffaf2530000 - 0x00007ffaf2548000 	C:\Program Files\Eclipse Adoptium\jdk-21.0.9.10-hotspot\bin\zip.dll
0x00007ffaf2500000 - 0x00007ffaf2524000 	C:\Program Files\Apache\maven\apache-maven-3.9.11\lib\jansi-native\Windows\x86_64\jansi.dll
0x00007ffb2f640000 - 0x00007ffb2f650000 	C:\Program Files\Eclipse Adoptium\jdk-21.0.9.10-hotspot\bin\verify.dll

JVMTI agents: none

dbghelp: loaded successfully - version: 4.0.5 - missing functions: none
symbol engine: initialized successfully - sym options: 0x614 - pdb path: .;C:\Program Files\Eclipse Adoptium\jdk-21.0.9.10-hotspot\bin;C:\Windows\SYSTEM32;C:\Windows\WinSxS\amd64_microsoft.windows.common-controls_6595b64144ccf1df_6.0.26100.7019_none_3e06ffa0e335b8a8;C:\Program Files\Eclipse Adoptium\jdk-21.0.9.10-hotspot\bin\server;C:\Program Files\Apache\maven\apache-maven-3.9.11\lib\jansi-native\Windows\x86_64

VM Arguments:
jvm_args: --enable-native-access=ALL-UNNAMED -Dclassworlds.conf=C:\Program Files\Apache\maven\apache-maven-3.9.11\bin\m2.conf -Dmaven.home=C:\Program Files\Apache\maven\apache-maven-3.9.11 -Dlibrary.jansi.path=C:\Program Files\Apache\maven\apache-maven-3.9.11\lib\jansi-native -Dmaven.multiModuleProjectDirectory=C:\Users\JoseArmando\Documents\BookinnGo_YES\BookinnGo 
java_command: org.codehaus.plexus.classworlds.launcher.Launcher -q -DskipTests package
java_class_path (initial): C:\Program Files\Apache\maven\apache-maven-3.9.11\boot\plexus-classworlds-2.9.0.jar
Launcher Type: SUN_STANDARD

[Global flags]
     intx CICompilerCount                          = 4                                         {product} {ergonomic}
     uint ConcGCThreads                            = 3                                         {product} {ergonomic}
     uint G1ConcRefinementThreads                  = 10                                        {product} {ergonomic}
   size_t G1HeapRegionSize                         = 1048576                                   {product} {ergonomic}
    uintx GCDrainStackTargetSize                   = 64                                        {product} {ergonomic}
   size_t InitialHeapSize                          = 123731968                                 {product} {ergonomic}
   size_t MarkStackSize                            = 4194304                                   {product} {ergonomic}
   size_t MaxHeapSize                              = 1971322880                                {product} {ergonomic}
   size_t MaxNewSize                               = 1182793728                                {product} {ergonomic}
   size_t MinHeapDeltaBytes                        = 1048576                                   {product} {ergonomic}
   size_t MinHeapSize                              = 8388608                                   {product} {ergonomic}
    uintx NonNMethodCodeHeapSize                   = 5839372                                {pd product} {ergonomic}
    uintx NonProfiledCodeHeapSize                  = 122909434                              {pd product} {ergonomic}
    uintx ProfiledCodeHeapSize                     = 122909434                              {pd product} {ergonomic}
    uintx ReservedCodeCacheSize                    = 251658240                              {pd product} {ergonomic}
     bool SegmentedCodeCache                       = true                                      {product} {ergonomic}
   size_t SoftMaxHeapSize                          = 1971322880                             {manageable} {ergonomic}
     bool UseCompressedOops                        = true                           {product lp64_product} {ergonomic}
     bool UseG1GC                                  = true                                      {product} {ergonomic}
     bool UseLargePagesIndividualAllocation        = false                                  {pd product} {ergonomic}

Logging:
Log output configuration:
 #0: stdout all=warning uptime,level,tags foldmultilines=false
 #1: stderr all=off uptime,level,tags foldmultilines=false

Release file:
IMPLEMENTOR="Eclipse Adoptium" 
IMPLEMENTOR_VERSION="Temurin-21.0.9+10" 
JAVA_RUNTIME_VERSION="21.0.9+10-LTS" 
JAVA_VERSION="21.0.9" 
JAVA_VERSION_DATE="2025-10-21" 
LIBC="default" 
MODULES="java.base java.compiler java.datatransfer java.xml java.prefs java.desktop java.instrument java.logging java.management java.security.sasl java.naming java.rmi java.management.rmi java.net.http java.scripting java.security.jgss java.transaction.xa java.sql java.sql.rowset java.xml.crypto java.se java.smartcardio jdk.accessibility jdk.internal.jvmstat jdk.attach jdk.charsets jdk.internal.opt jdk.zipfs jdk.compiler jdk.crypto.ec jdk.crypto.cryptoki jdk.crypto.mscapi jdk.dynalink jdk.internal.ed jdk.editpad jdk.hotspot.agent jdk.httpserver jdk.incubator.vector jdk.internal.le jdk.internal.vm.ci jdk.internal.vm.compiler jdk.internal.vm.compiler.management jdk.jartool jdk.javadoc jdk.jcmd jdk.management jdk.management.agent jdk.jconsole jdk.jdeps jdk.jdwp.agent jdk.jdi jdk.jfr jdk.jlink jdk.jpackage jdk.jshell jdk.jsobject jdk.jstatd jdk.localedata jdk.management.jfr jdk.naming.dns jdk.naming.rmi jdk.net jdk.nio.mapmode jdk.random jdk.sctp jdk.security.auth jdk.security.jgss jdk.unsupported jdk.unsupported.desktop jdk.xml.dom" 
OS_ARCH="x86_64" 
OS_NAME="Windows" 
SOURCE=".:git:759062135b07" 
BUILD_SOURCE="git:839fa0b45d809157cffd3dc8515aad262a4a1776"
BUILD_SOURCE_REPO="https://github.com/adoptium/temurin-build.git"
SOURCE_REPO="https://github.com/adoptium/jdk21u.git"
FULL_VERSION="21.0.9+10-LTS"
SEMANTIC_VERSION="21.0.9+10"
BUILD_INFO="OS: Windows Server 2022 Version: 10.0"
JVM_VARIANT="Hotspot"
JVM_VERSION="21.0.9+10-LTS"
IMAGE_TYPE="JDK"

Environment Variables:
JAVA_HOME=C:\\Program Files\\Eclipse Adoptium\\jdk-21.0.9.10-hotspot
PATH=C:\\Program Files\\Eclipse Adoptium\\jdk-21.0.9.10-hotspot\\bin;C:\\Users\\JoseArmando\\.trae\\tools\\maven\\latest\\bin;C:\\Users\\JoseArmando\\.trae\\tools\\gradle\\latest\\bin;c:\\Users\\JoseArmando\\.trae\\sdks\\workspaces\\de8fddf5\\versions\\node\\current;c:\\Users\\JoseArmando\\.trae\\sdks\\versions\\node\\current;C:\Program Files\Eclipse Adoptium\jdk-21.0.9.10-hotspot\bin;C:\Users\JoseArmando\.trae\tools\maven\latest\bin;C:\Users\JoseArmando\.trae\tools\gradle\latest\bin;c:\Users\JoseArmando\.trae\sdks\workspaces\de8fddf5\versions\node\current;c:\Users\JoseArmando\.trae\sdks\versions\node\current;C:\Program Files\Eclipse Adoptium\jdk-21.0.9.10-hotspot\bin;C:\Program Files\Eclipse Adoptium\jdk-25.0.1.8-hotspot\bin;C:\Windows\system32;C:\Windows;C:\Windows\System32\Wbem;C:\Windows\System32\WindowsPowerShell\v1.0\;C:\Windows\System32\OpenSSH\;C:\Program Files\Microsoft SQL Server\150\Tools\Binn\;C:\Program Files\dotnet\;C:\Program Files\Microsoft SQL Server\Client SDK\ODBC\170\Tools\Binn\;C:\Program Files\NVIDIA Corporation\NVIDIA App\NvDLISR;C:\Program Files (x86)\NVIDIA Corporation\PhysX\Common;C:\Program Files\nodejs\;C:\Program Files\Git\cmd;C:\Program Files (x86)\Microsoft SQL Server\160\Tools\Binn\;C:\Program Files\Microsoft SQL Server\160\Tools\Binn\;C:\Program Files\Microsoft SQL Server\160\DTS\Binn\;C:\Program Files\Docker\Docker\resources\bin;C:\Program Files\PuTTY\;C:\Users\JoseArmando\AppData\Local\Programs\Python\Launcher\;C:\Users\JoseArmando\AppData\Local\Programs\Python\Python313\;C:\Program Files\Microsoft SQL Server\170\Tools\Binn\;C:\Program Files\cursor\resources\app\bin;C:\Program Files\Apache\maven\apache-maven-3.9.11\bin;C:\Users\JoseArmando\AppData\Local\Programs\Python\Python313\Scripts\;C:\Users\JoseArmando\AppData\Local\Programs\Python\Python313\;C:\Users\JoseArmando\AppData\Local\Programs\Python\Launcher\;C:\Program Files\MySQL\MySQL Shell 8.0\bin\;C:\Users\JoseArmando\AppData\Local\Microsoft\WindowsApps;C:\Users\JoseArmando\AppData\Local\Programs\Microsoft VS Code\bin;C:\Users\JoseArmando\AppData\Local\GitHubDesktop\bin;C:\Users\JoseArmando\AppData\Roaming\npm;C:\Program Files (x86)\BrowserStackLocal\;C:\Users\JoseArmando\.dotnet\tools;C:\flutter\flutter\bin;C:\Users\JoseArmando\.dotnet\tools;C:\Program Files\dotnet\;C:\Users\JoseArmando\AppData\Local\Programs\Antigravity\bin;C:\Program Files\Eclipse Adoptium\jdk-21.0.9.10-hotspot\\bin;C:\Program Files\Apache\maven\apache-maven-3.9.11\bin;
USERNAME=JoseArmando
LANG=en_US.UTF-8
OS=Windows_NT
PROCESSOR_IDENTIFIER=AMD64 Family 25 Model 80 Stepping 0, AuthenticAMD
TMP=C:\Users\JOSEAR~1\AppData\Local\Temp
TEMP=C:\Users\JOSEAR~1\AppData\Local\Temp




Periodic native trim disabled

---------------  S Y S T E M  ---------------

OS:
 Windows 11 , 64 bit Build 26100 (10.0.26100.7019)
OS uptime: 0 days 10:54 hours
Hyper-V role detected

CPU: total 12 (initial active 12) (12 cores per cpu, 2 threads per core) family 25 model 80 stepping 0 microcode 0xa500014, cx8, cmov, fxsr, ht, mmx, 3dnowpref, sse, sse2, sse3, ssse3, sse4a, sse4.1, sse4.2, popcnt, lzcnt, tsc, tscinvbit, avx, avx2, aes, erms, clmul, bmi1, bmi2, adx, sha, fma, vzeroupper, clflush, clflushopt, hv, rdtscp, rdpid, fsrm, f16c, cet_ss
Processor Information for processor 0
  Max Mhz: 3301, Current Mhz: 3301, Mhz Limit: 3301
Processor Information for processor 1
  Max Mhz: 3301, Current Mhz: 2011, Mhz Limit: 3301
Processor Information for processor 2
  Max Mhz: 3301, Current Mhz: 3301, Mhz Limit: 3301
Processor Information for processor 3
  Max Mhz: 3301, Current Mhz: 3301, Mhz Limit: 3301
Processor Information for processor 4
  Max Mhz: 3301, Current Mhz: 3301, Mhz Limit: 3301
Processor Information for processor 5
  Max Mhz: 3301, Current Mhz: 3301, Mhz Limit: 3301
Processor Information for processor 6
  Max Mhz: 3301, Current Mhz: 3301, Mhz Limit: 3301
Processor Information for processor 7
  Max Mhz: 3301, Current Mhz: 3301, Mhz Limit: 3301
Processor Information for processor 8
  Max Mhz: 3301, Current Mhz: 3301, Mhz Limit: 3301
Processor Information for processor 9
  Max Mhz: 3301, Current Mhz: 2011, Mhz Limit: 3301
Processor Information for processor 10
  Max Mhz: 3301, Current Mhz: 2011, Mhz Limit: 3301
Processor Information for processor 11
  Max Mhz: 3301, Current Mhz: 3301, Mhz Limit: 3301

Memory: 4k page, system-wide physical 7518M (625M free)
TotalPageFile size 31070M (AvailPageFile size 16M)
current process WorkingSet (physical memory assigned to process): 219M, peak: 224M
current process commit charge ("private bytes"): 254M, peak: 266M

vm_info: OpenJDK 64-Bit Server VM (21.0.9+10-LTS) for windows-amd64 JRE (21.0.9+10-LTS), built on 2025-10-21T00:00:00Z by "admin" with unknown MS VC++:1942

END.
